#
# A fatal error has been detected by the Java Runtime Environment:
#
#  SIGBUS (0x7) at pc=0x00007f24440d81f0, pid=21537, tid=139793746106112
#
# JRE version: 6.0_45-b06
# Java VM: Java HotSpot(TM) 64-Bit Server VM (20.45-b01 mixed mode linux-amd64 compressed oops)
# Problematic frame:
# C  [libzip.so+0xb1f0]  __int128+0x60
#
# If you would like to submit a bug report, please visit:
#   http://java.sun.com/webapps/bugreport/crash.jsp
# The crash happened outside the Java Virtual Machine in native code.
# See problematic frame for where to report the bug.
#

---------------  T H R E A D  ---------------

Current thread (0x00007f2440008000):  JavaThread "main" [_thread_in_native, id=21541, stack(0x00007f2444841000,0x00007f2444942000)]

siginfo:si_signo=SIGBUS: si_errno=0, si_code=2 (BUS_ADRERR), si_addr=0x00007f243c04140c

Registers:
RAX=0x0000000000000000, RBX=0x00007f2440166ad0, RCX=0x00007f2440000020, RDX=0x00007f2440155d50
RSP=0x00007f244493e5d0, RBP=0x00007f243c0413ef, RSI=0x00007f2440155d40, RDI=0x0000000000000003
R8 =0x0000000000000000, R9 =0x0000000000000ffc, R10=0x00007f24456e53d8, R11=0x00007f24456e9278
R12=0x00007f2440155d50, R13=0x00000000618536ca, R14=0x00007f2440166650, R15=0x000000000000001b
RIP=0x00007f24440d81f0, EFLAGS=0x0000000000010202, CSGSFS=0x0000000000000033, ERR=0x0000000000000004
  TRAPNO=0x000000000000000e

Top of Stack: (sp=0x00007f244493e5d0)
0x00007f244493e5d0:   000000004493e5f0 00007f2440166ad0
0x00007f244493e5e0:   00007f2440166650 0000000000000000
0x00007f244493e5f0:   00000000618536ca 00007f244493e660
0x00007f244493e600:   000000000000001b 00007f24440d85c4
0x00007f244493e610:   00007f2440008000 00007f244493e660
0x00007f244493e620:   00007f24400081d0 000000000000001b
0x00007f244493e630:   00007f244493eb40 000000000000001b
0x00007f244493e640:   0000000000000001 00007f24440d0797
0x00007f244493e650:   00007f244493e660 00007f2440166650
0x00007f244493e660:   6d6f432f706d6f63 6f43746e656e6f70
0x00007f244493e670:   6c632e6c6f72746e 00007f0000737361
0x00007f244493e680:   00007f24449409a0 00007f243c9de438
0x00007f244493e690:   00007f243c9de310 00007f2400000000
0x00007f244493e6a0:   00007f2444940a10 00007f24449409a8
0x00007f244493e6b0:   00007f24456d07b0 00007f24456ed300
0x00007f244493e6c0:   00007f244493e730 00007f24451937f3
0x00007f244493e6d0:   00007f24449409a0 00007f243c9de438
0x00007f244493e6e0:   00007f243c9de310 00007f2400000000
0x00007f244493e6f0:   00007f2444940a10 00007f24449409a8
0x00007f244493e700:   00007f2440008000 000000008042f058
0x00007f244493e710:   0000000000000000 000000008042f058
0x00007f244493e720:   0000000000000000 00007f2440008000
0x00007f244493e730:   00007f244493eb80 00007f24450256ac
0x00007f244493e740:   00007f240000003c 00007f244547d0c6
0x00007f244493e750:   00007f24400090b8 00007f2440008000
0x00007f244493e760:   0000000000000000 00007f244493e7b0
0x00007f244493e770:   00007f244493e770 0000000000000000
0x00007f244493e780:   00007f244493e7f0 00000000804b0510
0x00007f244493e790:   0000000000000000 000000008042f058
0x00007f244493e7a0:   0000000000000000 00007f244493e7d0
0x00007f244493e7b0:   00007f244493e838 00007f243c9e3a82
0x00007f244493e7c0:   0000000080430b20 00007f243c9ebf58 

Instructions: (pc=0x00007f24440d81f0)
0x00007f24440d81d0:   00 49 c7 44 24 28 00 00 00 00 41 80 7e 30 00 0f
0x00007f24440d81e0:   84 32 02 00 00 8b 6b 04 49 03 6e 18 49 2b 6e 28
0x00007f24440d81f0:   0f b6 45 1d 44 0f b6 6d 1c 44 0f b6 7d 1e 0f b6
0x00007f24440d8200:   5d 20 0f b6 4d 0c 0f b6 55 0e c1 e0 08 41 09 c5 

Register to memory mapping:

RAX=0x0000000000000000 is an unknown value
RBX=0x00007f2440166ad0 is an unknown value
RCX=0x00007f2440000020 is an unknown value
RDX=0x00007f2440155d50 is an unknown value
RSP=0x00007f244493e5d0 is pointing into the stack for thread: 0x00007f2440008000
RBP=0x00007f243c0413ef is an unknown value
RSI=0x00007f2440155d40 is an unknown value
RDI=0x0000000000000003 is an unknown value
R8 =0x0000000000000000 is an unknown value
R9 =0x0000000000000ffc is an unknown value
R10=0x00007f24456e53d8: <offset 0xa9e3d8> in /usr/lib/jvm/java-6-oracle/jre/lib/amd64/server/libjvm.so at 0x00007f2444c47000
R11=0x00007f24456e9278: <offset 0xaa2278> in /usr/lib/jvm/java-6-oracle/jre/lib/amd64/server/libjvm.so at 0x00007f2444c47000
R12=0x00007f2440155d50 is an unknown value
R13=0x00000000618536ca is an unknown value
R14=0x00007f2440166650 is an unknown value
R15=0x000000000000001b is an unknown value


Stack: [0x00007f2444841000,0x00007f2444942000],  sp=0x00007f244493e5d0,  free space=1013k
Native frames: (J=compiled Java code, j=interpreted, Vv=VM code, C=native code)
C  [libzip.so+0xb1f0]  __int128+0x60

Java frames: (J=compiled Java code, j=interpreted, Vv=VM code)
j  java.util.zip.ZipFile.getEntry(JLjava/lang/String;Z)J+0
j  java.util.zip.ZipFile.getEntry(Ljava/lang/String;)Ljava/util/zip/ZipEntry;+31
j  java.util.jar.JarFile.getEntry(Ljava/lang/String;)Ljava/util/zip/ZipEntry;+2
j  java.util.jar.JarFile.getJarEntry(Ljava/lang/String;)Ljava/util/jar/JarEntry;+2
j  sun.misc.URLClassPath$JarLoader.getResource(Ljava/lang/String;Z)Lsun/misc/Resource;+48
j  sun.misc.URLClassPath.getResource(Ljava/lang/String;Z)Lsun/misc/Resource;+53
j  java.net.URLClassLoader$1.run()Ljava/lang/Object;+26
v  ~StubRoutines::call_stub
j  java.security.AccessController.doPrivileged(Ljava/security/PrivilegedExceptionAction;Ljava/security/AccessControlContext;)Ljava/lang/Object;+0
j  java.net.URLClassLoader.findClass(Ljava/lang/String;)Ljava/lang/Class;+13
j  java.lang.ClassLoader.loadClass(Ljava/lang/String;Z)Ljava/lang/Class;+47
j  sun.misc.Launcher$AppClassLoader.loadClass(Ljava/lang/String;Z)Ljava/lang/Class;+41
j  java.lang.ClassLoader.loadClass(Ljava/lang/String;)Ljava/lang/Class;+3
v  ~StubRoutines::call_stub
j  main.coreGUI.<clinit>()V+50
v  ~StubRoutines::call_stub
j  GUI.StartupScreen.<init>()V+93
j  main.start.basicStart([Ljava/lang/String;)V+17
j  main.start.main([Ljava/lang/String;)V+1
v  ~StubRoutines::call_stub

---------------  P R O C E S S  ---------------

Java Threads: ( => current thread )
  0x00007f24402e1800 JavaThread "Thread-1" [_thread_blocked, id=21559, stack(0x00007f242c354000,0x00007f242c455000)]
  0x00007f244026a000 JavaThread "AWT-EventQueue-0" [_thread_blocked, id=21558, stack(0x00007f242c674000,0x00007f242c775000)]
  0x00007f244024a800 JavaThread "AWT-Shutdown" [_thread_blocked, id=21557, stack(0x00007f242c775000,0x00007f242c876000)]
  0x00007f244025a000 JavaThread "Image Fetcher 0" daemon [_thread_blocked, id=21556, stack(0x00007f242c876000,0x00007f242c977000)]
  0x00007f244023a800 JavaThread "AWT-XAWT" daemon [_thread_in_native, id=21555, stack(0x00007f242c977000,0x00007f242ca78000)]
  0x00007f24401fe800 JavaThread "Java2D Disposer" daemon [_thread_blocked, id=21554, stack(0x00007f242d093000,0x00007f242d194000)]
  0x00007f2440092000 JavaThread "Low Memory Detector" daemon [_thread_blocked, id=21552, stack(0x00007f242e71a000,0x00007f242e81b000)]
  0x00007f2440090000 JavaThread "C2 CompilerThread1" daemon [_thread_blocked, id=21551, stack(0x00007f242e81b000,0x00007f242e91c000)]
  0x00007f244008d000 JavaThread "C2 CompilerThread0" daemon [_thread_blocked, id=21550, stack(0x00007f242e91c000,0x00007f242ea1d000)]
  0x00007f244008b000 JavaThread "Signal Dispatcher" daemon [_thread_blocked, id=21549, stack(0x00007f242ea1d000,0x00007f242eb1e000)]
  0x00007f244006e800 JavaThread "Finalizer" daemon [_thread_blocked, id=21548, stack(0x00007f242f55e000,0x00007f242f65f000)]
  0x00007f244006c800 JavaThread "Reference Handler" daemon [_thread_blocked, id=21547, stack(0x00007f242f65f000,0x00007f242f760000)]
=>0x00007f2440008000 JavaThread "main" [_thread_in_native, id=21541, stack(0x00007f2444841000,0x00007f2444942000)]

Other Threads:
  0x00007f2440066000 VMThread [stack: 0x00007f242f760000,0x00007f242f861000] [id=21546]
  0x00007f244009d000 WatcherThread [stack: 0x00007f242e619000,0x00007f242e71a000] [id=21553]

VM state:not at safepoint (normal execution)

VM Mutex/Monitor currently owned by a thread: None

Heap
 PSYoungGen      total 36672K, used 5038K [0x00000000d7200000, 0x00000000d9ae0000, 0x0000000100000000)
  eden space 31488K, 16% used [0x00000000d7200000,0x00000000d76eba90,0x00000000d90c0000)
  from space 5184K, 0% used [0x00000000d95d0000,0x00000000d95d0000,0x00000000d9ae0000)
  to   space 5184K, 0% used [0x00000000d90c0000,0x00000000d90c0000,0x00000000d95d0000)
 PSOldGen        total 83712K, used 0K [0x0000000085600000, 0x000000008a7c0000, 0x00000000d7200000)
  object space 83712K, 0% used [0x0000000085600000,0x0000000085600000,0x000000008a7c0000)
 PSPermGen       total 21248K, used 10857K [0x0000000080400000, 0x00000000818c0000, 0x0000000085600000)
  object space 21248K, 51% used [0x0000000080400000,0x0000000080e9a580,0x00000000818c0000)

Code Cache  [0x00007f243c9de000, 0x00007f243cc4e000, 0x00007f243f9de000)
 total_blobs=420 nmethods=17 adapters=358 free_code_cache=49768832 largest_free_block=14656

Dynamic libraries:
40000000-40009000 r-xp 00000000 08:16 837299                             /usr/lib/jvm/java-6-oracle/bin/java
40108000-4010a000 rwxp 00008000 08:16 837299                             /usr/lib/jvm/java-6-oracle/bin/java
4036c000-4038d000 rwxp 00000000 00:00 0                                  [heap]
80400000-818c0000 rwxp 00000000 00:00 0 
818c0000-85600000 rwxp 00000000 00:00 0 
85600000-8a7c0000 rwxp 00000000 00:00 0 
8a7c0000-d7200000 rwxp 00000000 00:00 0 
d7200000-d9ae0000 rwxp 00000000 00:00 0 
d9ae0000-100000000 rwxp 00000000 00:00 0 
7f23f0000000-7f23f0021000 rwxp 00000000 00:00 0 
7f23f0021000-7f23f4000000 ---p 00000000 00:00 0 
7f23f4000000-7f23f4021000 rwxp 00000000 00:00 0 
7f23f4021000-7f23f8000000 ---p 00000000 00:00 0 
7f23f8000000-7f23f8039000 rwxp 00000000 00:00 0 
7f23f8039000-7f23fc000000 ---p 00000000 00:00 0 
7f23fc000000-7f23fc021000 rwxp 00000000 00:00 0 
7f23fc021000-7f2400000000 ---p 00000000 00:00 0 
7f2400000000-7f2400021000 rwxp 00000000 00:00 0 
7f2400021000-7f2404000000 ---p 00000000 00:00 0 
7f2404000000-7f2404021000 rwxp 00000000 00:00 0 
7f2404021000-7f2408000000 ---p 00000000 00:00 0 
7f2408000000-7f2408021000 rwxp 00000000 00:00 0 
7f2408021000-7f240c000000 ---p 00000000 00:00 0 
7f240c000000-7f240c021000 rwxp 00000000 00:00 0 
7f240c021000-7f2410000000 ---p 00000000 00:00 0 
7f2410000000-7f24104bf000 rwxp 00000000 00:00 0 
7f24104bf000-7f2414000000 ---p 00000000 00:00 0 
7f2414000000-7f2414319000 rwxp 00000000 00:00 0 
7f2414319000-7f2418000000 ---p 00000000 00:00 0 
7f2418000000-7f2418021000 rwxp 00000000 00:00 0 
7f2418021000-7f241c000000 ---p 00000000 00:00 0 
7f241c000000-7f241c021000 rwxp 00000000 00:00 0 
7f241c021000-7f2420000000 ---p 00000000 00:00 0 
7f2420000000-7f2420021000 rwxp 00000000 00:00 0 
7f2420021000-7f2424000000 ---p 00000000 00:00 0 
7f2424000000-7f2424021000 rwxp 00000000 00:00 0 
7f2424021000-7f2428000000 ---p 00000000 00:00 0 
7f2428000000-7f2428021000 rwxp 00000000 00:00 0 
7f2428021000-7f242c000000 ---p 00000000 00:00 0 
7f242c354000-7f242c357000 ---p 00000000 00:00 0 
7f242c357000-7f242c455000 rwxp 00000000 00:00 0                          [stack:21559]
7f242c455000-7f242c45c000 r-xp 00000000 08:16 837941                     /usr/lib/jvm/java-6-oracle/jre/lib/amd64/libnio.so
7f242c45c000-7f242c55b000 ---p 00007000 08:16 837941                     /usr/lib/jvm/java-6-oracle/jre/lib/amd64/libnio.so
7f242c55b000-7f242c55d000 rwxp 00006000 08:16 837941                     /usr/lib/jvm/java-6-oracle/jre/lib/amd64/libnio.so
7f242c55d000-7f242c570000 r-xp 00000000 08:16 837940                     /usr/lib/jvm/java-6-oracle/jre/lib/amd64/libnet.so
7f242c570000-7f242c671000 ---p 00013000 08:16 837940                     /usr/lib/jvm/java-6-oracle/jre/lib/amd64/libnet.so
7f242c671000-7f242c674000 rwxp 00014000 08:16 837940                     /usr/lib/jvm/java-6-oracle/jre/lib/amd64/libnet.so
7f242c674000-7f242c677000 ---p 00000000 00:00 0 
7f242c677000-7f242c775000 rwxp 00000000 00:00 0                          [stack:21558]
7f242c775000-7f242c778000 ---p 00000000 00:00 0 
7f242c778000-7f242c876000 rwxp 00000000 00:00 0                          [stack:21557]
7f242c876000-7f242c879000 ---p 00000000 00:00 0 
7f242c879000-7f242c977000 rwxp 00000000 00:00 0                          [stack:21556]
7f242c977000-7f242c97a000 ---p 00000000 00:00 0 
7f242c97a000-7f242ca78000 rwxp 00000000 00:00 0                          [stack:21555]
7f242ca78000-7f242ca7d000 r-xp 00000000 08:16 1468597                    /usr/lib/x86_64-linux-gnu/libXfixes.so.3.1.0
7f242ca7d000-7f242cc7c000 ---p 00005000 08:16 1468597                    /usr/lib/x86_64-linux-gnu/libXfixes.so.3.1.0
7f242cc7c000-7f242cc7d000 r-xp 00004000 08:16 1468597                    /usr/lib/x86_64-linux-gnu/libXfixes.so.3.1.0
7f242cc7d000-7f242cc7e000 rwxp 00005000 08:16 1468597                    /usr/lib/x86_64-linux-gnu/libXfixes.so.3.1.0
7f242cc7e000-7f242cc87000 r-xp 00000000 08:16 1468398                    /usr/lib/x86_64-linux-gnu/libXrender.so.1.3.0
7f242cc87000-7f242ce86000 ---p 00009000 08:16 1468398                    /usr/lib/x86_64-linux-gnu/libXrender.so.1.3.0
7f242ce86000-7f242ce87000 r-xp 00008000 08:16 1468398                    /usr/lib/x86_64-linux-gnu/libXrender.so.1.3.0
7f242ce87000-7f242ce88000 rwxp 00009000 08:16 1468398                    /usr/lib/x86_64-linux-gnu/libXrender.so.1.3.0
7f242ce88000-7f242ce91000 r-xp 00000000 08:16 1468447                    /usr/lib/x86_64-linux-gnu/libXcursor.so.1.0.2
7f242ce91000-7f242d091000 ---p 00009000 08:16 1468447                    /usr/lib/x86_64-linux-gnu/libXcursor.so.1.0.2
7f242d091000-7f242d092000 r-xp 00009000 08:16 1468447                    /usr/lib/x86_64-linux-gnu/libXcursor.so.1.0.2
7f242d092000-7f242d093000 rwxp 0000a000 08:16 1468447                    /usr/lib/x86_64-linux-gnu/libXcursor.so.1.0.2
7f242d093000-7f242d096000 ---p 00000000 00:00 0 
7f242d096000-7f242d194000 rwxp 00000000 00:00 0                          [stack:21554]
7f242d194000-7f242d228000 r-xp 00000000 08:16 837949                     /usr/lib/jvm/java-6-oracle/jre/lib/amd64/libfontmanager.so
7f242d228000-7f242d328000 ---p 00094000 08:16 837949                     /usr/lib/jvm/java-6-oracle/jre/lib/amd64/libfontmanager.so
7f242d328000-7f242d341000 rwxp 00094000 08:16 837949                     /usr/lib/jvm/java-6-oracle/jre/lib/amd64/libfontmanager.so
7f242d341000-7f242d352000 rwxp 00000000 00:00 0 
7f242d352000-7f242d357000 r-xp 00000000 08:16 1469020                    /usr/lib/x86_64-linux-gnu/libXdmcp.so.6.0.0
7f242d357000-7f242d556000 ---p 00005000 08:16 1469020                    /usr/lib/x86_64-linux-gnu/libXdmcp.so.6.0.0
7f242d556000-7f242d557000 r-xp 00004000 08:16 1469020                    /usr/lib/x86_64-linux-gnu/libXdmcp.so.6.0.0
7f242d557000-7f242d558000 rwxp 00005000 08:16 1469020                    /usr/lib/x86_64-linux-gnu/libXdmcp.so.6.0.0
7f242d558000-7f242d55a000 r-xp 00000000 08:16 1469009                    /usr/lib/x86_64-linux-gnu/libXau.so.6.0.0
7f242d55a000-7f242d75a000 ---p 00002000 08:16 1469009                    /usr/lib/x86_64-linux-gnu/libXau.so.6.0.0
7f242d75a000-7f242d75b000 r-xp 00002000 08:16 1469009                    /usr/lib/x86_64-linux-gnu/libXau.so.6.0.0
7f242d75b000-7f242d75c000 rwxp 00003000 08:16 1469009                    /usr/lib/x86_64-linux-gnu/libXau.so.6.0.0
7f242d75c000-7f242d779000 r-xp 00000000 08:16 1466724                    /usr/lib/x86_64-linux-gnu/libxcb.so.1.1.0
7f242d779000-7f242d978000 ---p 0001d000 08:16 1466724                    /usr/lib/x86_64-linux-gnu/libxcb.so.1.1.0
7f242d978000-7f242d979000 r-xp 0001c000 08:16 1466724                    /usr/lib/x86_64-linux-gnu/libxcb.so.1.1.0
7f242d979000-7f242d97a000 rwxp 0001d000 08:16 1466724                    /usr/lib/x86_64-linux-gnu/libxcb.so.1.1.0
7f242d97a000-7f242d988000 r-xp 00000000 08:16 1467804                    /usr/lib/x86_64-linux-gnu/libXi.so.6.1.0
7f242d988000-7f242db88000 ---p 0000e000 08:16 1467804                    /usr/lib/x86_64-linux-gnu/libXi.so.6.1.0
7f242db88000-7f242db89000 r-xp 0000e000 08:16 1467804                    /usr/lib/x86_64-linux-gnu/libXi.so.6.1.0
7f242db89000-7f242db8a000 rwxp 0000f000 08:16 1467804                    /usr/lib/x86_64-linux-gnu/libXi.so.6.1.0
7f242db8a000-7f242db8f000 r-xp 00000000 08:16 1468459                    /usr/lib/x86_64-linux-gnu/libXtst.so.6.1.0
7f242db8f000-7f242dd8e000 ---p 00005000 08:16 1468459                    /usr/lib/x86_64-linux-gnu/libXtst.so.6.1.0
7f242dd8e000-7f242dd8f000 r-xp 00004000 08:16 1468459                    /usr/lib/x86_64-linux-gnu/libXtst.so.6.1.0
7f242dd8f000-7f242dd90000 rwxp 00005000 08:16 1468459                    /usr/lib/x86_64-linux-gnu/libXtst.so.6.1.0
7f242dd90000-7f242dec4000 r-xp 00000000 08:16 1467992                    /usr/lib/x86_64-linux-gnu/libX11.so.6.3.0
7f242dec4000-7f242e0c4000 ---p 00134000 08:16 1467992                    /usr/lib/x86_64-linux-gnu/libX11.so.6.3.0
7f242e0c4000-7f242e0c5000 r-xp 00134000 08:16 1467992                    /usr/lib/x86_64-linux-gnu/libX11.so.6.3.0
7f242e0c5000-7f242e0ca000 rwxp 00135000 08:16 1467992                    /usr/lib/x86_64-linux-gnu/libX11.so.6.3.0
7f242e0ca000-7f242e0db000 r-xp 00000000 08:16 1467655                    /usr/lib/x86_64-linux-gnu/libXext.so.6.4.0
7f242e0db000-7f242e2da000 ---p 00011000 08:16 1467655                    /usr/lib/x86_64-linux-gnu/libXext.so.6.4.0
7f242e2da000-7f242e2db000 r-xp 00010000 08:16 1467655                    /usr/lib/x86_64-linux-gnu/libXext.so.6.4.0
7f242e2db000-7f242e2dc000 rwxp 00011000 08:16 1467655                    /usr/lib/x86_64-linux-gnu/libXext.so.6.4.0
7f242e2fb000-7f242e33d000 r-xp 00000000 08:16 837938                     /usr/lib/jvm/java-6-oracle/jre/lib/amd64/xawt/libmawt.so
7f242e33d000-7f242e43c000 ---p 00042000 08:16 837938                     /usr/lib/jvm/java-6-oracle/jre/lib/amd64/xawt/libmawt.so
7f242e43c000-7f242e448000 rwxp 00041000 08:16 837938                     /usr/lib/jvm/java-6-oracle/jre/lib/amd64/xawt/libmawt.so
7f242e448000-7f242e449000 rwxp 00000000 00:00 0 
7f242e449000-7f242e4dc000 r-xp 00000000 08:16 837985                     /usr/lib/jvm/java-6-oracle/jre/lib/amd64/libawt.so
7f242e4dc000-7f242e5db000 ---p 00093000 08:16 837985                     /usr/lib/jvm/java-6-oracle/jre/lib/amd64/libawt.so
7f242e5db000-7f242e5f4000 rwxp 00092000 08:16 837985                     /usr/lib/jvm/java-6-oracle/jre/lib/amd64/libawt.so
7f242e5f4000-7f242e619000 rwxp 00000000 00:00 0 
7f242e619000-7f242e61a000 ---p 00000000 00:00 0 
7f242e61a000-7f242e71a000 rwxp 00000000 00:00 0                          [stack:21553]
7f242e71a000-7f242e71d000 ---p 00000000 00:00 0 
7f242e71d000-7f242e81b000 rwxp 00000000 00:00 0                          [stack:21552]
7f242e81b000-7f242e81e000 ---p 00000000 00:00 0 
7f242e81e000-7f242e91c000 rwxp 00000000 00:00 0                          [stack:21551]
7f242e91c000-7f242e91f000 ---p 00000000 00:00 0 
7f242e91f000-7f242ea1d000 rwxp 00000000 00:00 0                          [stack:21550]
7f242ea1d000-7f242ea20000 ---p 00000000 00:00 0 
7f242ea20000-7f242eb1e000 rwxp 00000000 00:00 0                          [stack:21549]
7f242eb1e000-7f242f55e000 r-xp 00000000 08:16 1468121                    /usr/lib/locale/locale-archive
7f242f55e000-7f242f561000 ---p 00000000 00:00 0 
7f242f561000-7f242f65f000 rwxp 00000000 00:00 0                          [stack:21548]
7f242f65f000-7f242f662000 ---p 00000000 00:00 0 
7f242f662000-7f242f760000 rwxp 00000000 00:00 0                          [stack:21547]
7f242f760000-7f242f761000 ---p 00000000 00:00 0 
7f242f761000-7f242fd66000 rwxp 00000000 00:00 0                          [stack:21546]
7f242fd66000-7f242feff000 r-xs 03087000 08:16 838073                     /usr/lib/jvm/java-6-oracle/jre/lib/rt.jar
7f242feff000-7f242ff00000 ---p 00000000 00:00 0 
7f242ff00000-7f2430000000 rwxp 00000000 00:00 0                          [stack:21545]
7f2430000000-7f2430021000 rwxp 00000000 00:00 0 
7f2430021000-7f2434000000 ---p 00000000 00:00 0 
7f2434000000-7f2434021000 rwxp 00000000 00:00 0 
7f2434021000-7f2438000000 ---p 00000000 00:00 0 
7f2438000000-7f2438021000 rwxp 00000000 00:00 0 
7f2438021000-7f243c000000 ---p 00000000 00:00 0 
7f243c014000-7f243c01b000 r-xs 0005e000 08:15 88413                      /mnt/06B6C215B6C20561/core/code/utils/Utils/dist/lib/commons-lang3-3.3.2.jar
7f243c01b000-7f243c02c000 r-xs 00169000 08:15 88412                      /mnt/06B6C215B6C20561/core/code/utils/Utils/dist/lib/jfreechart-1.0.17.jar
7f243c02c000-7f243c032000 r-xs 0004a000 08:15 88411                      /mnt/06B6C215B6C20561/core/code/utils/Utils/dist/lib/jcommon-1.0.21.jar
7f243c032000-7f243c03b000 r-xs 0008d000 08:15 88409                      /mnt/06B6C215B6C20561/core/code/utils/Utils/dist/lib/janino.jar
7f243c03b000-7f243c040000 r-xs 0002a000 08:15 88408                      /mnt/06B6C215B6C20561/core/code/utils/Utils/dist/lib/java2html.jar
7f243c040000-7f243c04e000 r-xs 00352000 08:15 98396                      /mnt/06B6C215B6C20561/core/code/engine/dist/engine.jar
7f243c04e000-7f243c04f000 ---p 00000000 00:00 0 
7f243c04f000-7f243c14f000 rwxp 00000000 00:00 0                          [stack:21544]
7f243c14f000-7f243c150000 ---p 00000000 00:00 0 
7f243c150000-7f243c250000 rwxp 00000000 00:00 0                          [stack:21543]
7f243c250000-7f243c251000 ---p 00000000 00:00 0 
7f243c251000-7f243c37a000 rwxp 00000000 00:00 0                          [stack:21542]
7f243c37a000-7f243c5df000 rwxp 00000000 00:00 0 
7f243c5df000-7f243c5ea000 rwxp 00000000 00:00 0 
7f243c5ea000-7f243c608000 rwxp 00000000 00:00 0 
7f243c608000-7f243c631000 rwxp 00000000 00:00 0 
7f243c631000-7f243c896000 rwxp 00000000 00:00 0 
7f243c896000-7f243c8ab000 rwxp 00000000 00:00 0 
7f243c8ab000-7f243c9dd000 rwxp 00000000 00:00 0 
7f243c9dd000-7f243cc4e000 rwxp 00000000 00:00 0 
7f243cc4e000-7f243f9de000 rwxp 00000000 00:00 0 
7f243f9de000-7f243f9ea000 r-xp 00000000 08:16 56038                      /lib/x86_64-linux-gnu/libnss_files-2.17.so
7f243f9ea000-7f243fbe9000 ---p 0000c000 08:16 56038                      /lib/x86_64-linux-gnu/libnss_files-2.17.so
7f243fbe9000-7f243fbea000 r-xp 0000b000 08:16 56038                      /lib/x86_64-linux-gnu/libnss_files-2.17.so
7f243fbea000-7f243fbeb000 rwxp 0000c000 08:16 56038                      /lib/x86_64-linux-gnu/libnss_files-2.17.so
7f243fbeb000-7f243fbf6000 r-xp 00000000 08:16 56045                      /lib/x86_64-linux-gnu/libnss_nis-2.17.so
7f243fbf6000-7f243fdf5000 ---p 0000b000 08:16 56045                      /lib/x86_64-linux-gnu/libnss_nis-2.17.so
7f243fdf5000-7f243fdf6000 r-xp 0000a000 08:16 56045                      /lib/x86_64-linux-gnu/libnss_nis-2.17.so
7f243fdf6000-7f243fdf7000 rwxp 0000b000 08:16 56045                      /lib/x86_64-linux-gnu/libnss_nis-2.17.so
7f243fdf7000-7f243fdff000 r-xp 00000000 08:16 56047                      /lib/x86_64-linux-gnu/libnss_compat-2.17.so
7f243fdff000-7f243fffe000 ---p 00008000 08:16 56047                      /lib/x86_64-linux-gnu/libnss_compat-2.17.so
7f243fffe000-7f243ffff000 r-xp 00007000 08:16 56047                      /lib/x86_64-linux-gnu/libnss_compat-2.17.so
7f243ffff000-7f2440000000 rwxp 00008000 08:16 56047                      /lib/x86_64-linux-gnu/libnss_compat-2.17.so
7f2440000000-7f24402e7000 rwxp 00000000 00:00 0 
7f24402e7000-7f2444000000 ---p 00000000 00:00 0 
7f2444001000-7f2444003000 r-xs 00006000 08:15 88410                      /mnt/06B6C215B6C20561/core/code/utils/Utils/dist/lib/commons-compiler.jar
7f2444003000-7f2444005000 r-xs 00030000 08:15 88414                      /mnt/06B6C215B6C20561/core/code/utils/Utils/dist/utils.jar
7f2444005000-7f2444007000 r-xs 00030000 08:15 74834                      /mnt/06B6C215B6C20561/core/code/tokenizator/dist/lib/utils.jar
7f2444007000-7f2444009000 r-xs 0000d000 08:15 74835                      /mnt/06B6C215B6C20561/core/code/tokenizator/dist/Tokenizator.jar
7f2444009000-7f244400d000 r-xs 00094000 08:15 448253                     /mnt/06B6C215B6C20561/core/code/reporter/lib/look_and_feel/napkinlaf-alpha001.jar
7f244400d000-7f2444019000 r-xs 000a4000 08:15 511279                     /mnt/06B6C215B6C20561/core/code/reporter/lib/look_and_feel/seaglasslookandfeel-0.2.jar
7f2444019000-7f2444020000 r-xs 00053000 08:15 451082                     /mnt/06B6C215B6C20561/core/code/reporter/lib/apache/commons-compress-1.8.1/commons-compress-1.8.1.jar
7f2444020000-7f2444024000 r-xs 0002a000 08:15 450236                     /mnt/06B6C215B6C20561/core/code/reporter/lib/apache/commons-io-2.4/commons-io-2.4.jar
7f2444024000-7f244402d000 r-xs 0008d000 08:15 449765                     /mnt/06B6C215B6C20561/core/code/reporter/lib/compilation/janino-2.7.4/janino.jar
7f244402d000-7f2444032000 r-xs 0002a000 08:15 449789                     /mnt/06B6C215B6C20561/core/code/reporter/lib/java2html_50/java2html.jar
7f2444032000-7f2444037000 r-xs 00060000 08:15 449815                     /mnt/06B6C215B6C20561/core/code/reporter/lib/mapdb/mapdb-1.0.1.jar
7f2444037000-7f2444048000 r-xs 00169000 08:15 449799                     /mnt/06B6C215B6C20561/core/code/reporter/lib/jfreechart/jfreechart-1.0.17.jar
7f2444048000-7f24440af000 rwxp 00000000 00:00 0 
7f24440af000-7f24440cd000 rwxp 00000000 00:00 0 
7f24440cd000-7f24440db000 r-xp 00000000 08:16 837951                     /usr/lib/jvm/java-6-oracle/jre/lib/amd64/libzip.so
7f24440db000-7f24441dd000 ---p 0000e000 08:16 837951                     /usr/lib/jvm/java-6-oracle/jre/lib/amd64/libzip.so
7f24441dd000-7f24441e0000 rwxp 00010000 08:16 837951                     /usr/lib/jvm/java-6-oracle/jre/lib/amd64/libzip.so
7f24441e0000-7f24441e1000 rwxp 00000000 00:00 0 
7f24441e1000-7f24441f8000 r-xp 00000000 08:16 56034                      /lib/x86_64-linux-gnu/libnsl-2.17.so
7f24441f8000-7f24443f7000 ---p 00017000 08:16 56034                      /lib/x86_64-linux-gnu/libnsl-2.17.so
7f24443f7000-7f24443f8000 r-xp 00016000 08:16 56034                      /lib/x86_64-linux-gnu/libnsl-2.17.so
7f24443f8000-7f24443f9000 rwxp 00017000 08:16 56034                      /lib/x86_64-linux-gnu/libnsl-2.17.so
7f24443f9000-7f24443fb000 rwxp 00000000 00:00 0 
7f24443fb000-7f2444424000 r-xp 00000000 08:16 837964                     /usr/lib/jvm/java-6-oracle/jre/lib/amd64/libjava.so
7f2444424000-7f2444523000 ---p 00029000 08:16 837964                     /usr/lib/jvm/java-6-oracle/jre/lib/amd64/libjava.so
7f2444523000-7f244452a000 rwxp 00028000 08:16 837964                     /usr/lib/jvm/java-6-oracle/jre/lib/amd64/libjava.so
7f244452a000-7f2444537000 r-xp 00000000 08:16 837946                     /usr/lib/jvm/java-6-oracle/jre/lib/amd64/libverify.so
7f2444537000-7f2444636000 ---p 0000d000 08:16 837946                     /usr/lib/jvm/java-6-oracle/jre/lib/amd64/libverify.so
7f2444636000-7f2444639000 rwxp 0000c000 08:16 837946                     /usr/lib/jvm/java-6-oracle/jre/lib/amd64/libverify.so
7f2444639000-7f2444640000 r-xp 00000000 08:16 56041                      /lib/x86_64-linux-gnu/librt-2.17.so
7f2444640000-7f244483f000 ---p 00007000 08:16 56041                      /lib/x86_64-linux-gnu/librt-2.17.so
7f244483f000-7f2444840000 r-xp 00006000 08:16 56041                      /lib/x86_64-linux-gnu/librt-2.17.so
7f2444840000-7f2444841000 rwxp 00007000 08:16 56041                      /lib/x86_64-linux-gnu/librt-2.17.so
7f2444841000-7f2444844000 ---p 00000000 00:00 0 
7f2444844000-7f2444942000 rwxp 00000000 00:00 0                          [stack:21541]
7f2444942000-7f2444a45000 r-xp 00000000 08:16 56046                      /lib/x86_64-linux-gnu/libm-2.17.so
7f2444a45000-7f2444c45000 ---p 00103000 08:16 56046                      /lib/x86_64-linux-gnu/libm-2.17.so
7f2444c45000-7f2444c46000 r-xp 00103000 08:16 56046                      /lib/x86_64-linux-gnu/libm-2.17.so
7f2444c46000-7f2444c47000 rwxp 00104000 08:16 56046                      /lib/x86_64-linux-gnu/libm-2.17.so
7f2444c47000-7f2445565000 r-xp 00000000 08:16 837971                     /usr/lib/jvm/java-6-oracle/jre/lib/amd64/server/libjvm.so
7f2445565000-7f2445667000 ---p 0091e000 08:16 837971                     /usr/lib/jvm/java-6-oracle/jre/lib/amd64/server/libjvm.so
7f2445667000-7f244581d000 rwxp 00920000 08:16 837971                     /usr/lib/jvm/java-6-oracle/jre/lib/amd64/server/libjvm.so
7f244581d000-7f2445857000 rwxp 00000000 00:00 0 
7f2445857000-7f2445a16000 r-xp 00000000 08:16 56049                      /lib/x86_64-linux-gnu/libc-2.17.so
7f2445a16000-7f2445c15000 ---p 001bf000 08:16 56049                      /lib/x86_64-linux-gnu/libc-2.17.so
7f2445c15000-7f2445c19000 r-xp 001be000 08:16 56049                      /lib/x86_64-linux-gnu/libc-2.17.so
7f2445c19000-7f2445c1b000 rwxp 001c2000 08:16 56049                      /lib/x86_64-linux-gnu/libc-2.17.so
7f2445c1b000-7f2445c20000 rwxp 00000000 00:00 0 
7f2445c20000-7f2445c23000 r-xp 00000000 08:16 56037                      /lib/x86_64-linux-gnu/libdl-2.17.so
7f2445c23000-7f2445e22000 ---p 00003000 08:16 56037                      /lib/x86_64-linux-gnu/libdl-2.17.so
7f2445e22000-7f2445e23000 r-xp 00002000 08:16 56037                      /lib/x86_64-linux-gnu/libdl-2.17.so
7f2445e23000-7f2445e24000 rwxp 00003000 08:16 56037                      /lib/x86_64-linux-gnu/libdl-2.17.so
7f2445e24000-7f2445e3c000 r-xp 00000000 08:16 56035                      /lib/x86_64-linux-gnu/libpthread-2.17.so
7f2445e3c000-7f244603b000 ---p 00018000 08:16 56035                      /lib/x86_64-linux-gnu/libpthread-2.17.so
7f244603b000-7f244603c000 r-xp 00017000 08:16 56035                      /lib/x86_64-linux-gnu/libpthread-2.17.so
7f244603c000-7f244603d000 rwxp 00018000 08:16 56035                      /lib/x86_64-linux-gnu/libpthread-2.17.so
7f244603d000-7f2446041000 rwxp 00000000 00:00 0 
7f2446041000-7f2446064000 r-xp 00000000 08:16 56028                      /lib/x86_64-linux-gnu/ld-2.17.so
7f2446065000-7f2446066000 r-xs 00005000 08:15 89256                      /mnt/06B6C215B6C20561/core/code/exchange/dist/exchange.jar
7f2446066000-7f2446068000 r-xs 00006000 08:15 449762                     /mnt/06B6C215B6C20561/core/code/reporter/lib/compilation/janino-2.7.4/commons-compiler.jar
7f2446068000-7f244606d000 r-xs 0002a000 08:15 449777                     /mnt/06B6C215B6C20561/core/code/reporter/lib/google-gson-2.2.4/gson-2.2.4.jar
7f244606d000-7f2446074000 r-xs 00033000 08:15 449818                     /mnt/06B6C215B6C20561/core/code/reporter/lib/simple-4.1.21.jar
7f2446074000-7f244607e000 rwxp 00000000 00:00 0 
7f244607e000-7f2446134000 rwxp 00000000 00:00 0 
7f2446134000-7f2446137000 rwxp 00000000 00:00 0 
7f2446137000-7f244613e000 r-xp 00000000 08:16 837936                     /usr/lib/jvm/java-6-oracle/jre/lib/amd64/jli/libjli.so
7f244613e000-7f244623f000 ---p 00007000 08:16 837936                     /usr/lib/jvm/java-6-oracle/jre/lib/amd64/jli/libjli.so
7f244623f000-7f2446241000 rwxp 00008000 08:16 837936                     /usr/lib/jvm/java-6-oracle/jre/lib/amd64/jli/libjli.so
7f2446241000-7f2446242000 rwxp 00000000 00:00 0 
7f2446242000-7f2446247000 r-xs 0002c000 08:15 449806                     /mnt/06B6C215B6C20561/core/code/reporter/lib/jericho-html-3.3.jar
7f2446247000-7f244624d000 r-xs 0004a000 08:15 449797                     /mnt/06B6C215B6C20561/core/code/reporter/lib/jfreechart/jcommon-1.0.21.jar
7f244624d000-7f2446252000 r-xs 0003f000 08:15 449783                     /mnt/06B6C215B6C20561/core/code/reporter/lib/jarchivelib/jarchivelib-0.3.0.jar
7f2446252000-7f2446257000 r-xs 00058000 08:15 449768                     /mnt/06B6C215B6C20561/core/code/reporter/lib/bsh-2.1b5.jar
7f2446257000-7f244625f000 rwxs 00000000 08:16 173480                     /tmp/hsperfdata_nuno/21537
7f244625f000-7f2446260000 rwxp 00000000 00:00 0 
7f2446260000-7f2446261000 r-xp 00000000 00:00 0 
7f2446261000-7f2446263000 rwxp 00000000 00:00 0 
7f2446263000-7f2446264000 r-xp 00022000 08:16 56028                      /lib/x86_64-linux-gnu/ld-2.17.so
7f2446264000-7f2446266000 rwxp 00023000 08:16 56028                      /lib/x86_64-linux-gnu/ld-2.17.so
7fffd7430000-7fffd7451000 rwxp 00000000 00:00 0                          [stack]
7fffd75a2000-7fffd75a4000 r-xp 00000000 00:00 0                          [vdso]
ffffffffff600000-ffffffffff601000 r-xp 00000000 00:00 0                  [vsyscall]

VM Arguments:
jvm_args: -Dfile.encoding=UTF-8 
java_command: main.start
Launcher Type: SUN_STANDARD

Environment Variables:
JAVA_HOME=/usr/lib/jvm/default-java
PATH=/usr/local/sbin:/usr/local/bin:/usr/sbin:/usr/bin:/sbin:/bin:/usr/games:/usr/local/games:/home/nuno/bin:/usr/lib/jvm/default-java/bin
USERNAME=nuno
LD_LIBRARY_PATH=/usr/lib/jvm/java-6-oracle/jre/lib/amd64/server:/usr/lib/jvm/java-6-oracle/jre/lib/amd64:/usr/lib/jvm/java-6-oracle/jre/../lib/amd64:/usr/lib/jvm/default-java/jre/lib/amd64:/usr/lib/jvm/default-java/jre/lib/i386:
SHELL=/bin/bash
DISPLAY=:0.0

Signal Handlers:
SIGSEGV: [libjvm.so+0x862a30], sa_mask[0]=0x7ffbfeff, sa_flags=0x10000004
SIGBUS: [libjvm.so+0x862a30], sa_mask[0]=0x7ffbfeff, sa_flags=0x10000004
SIGFPE: [libjvm.so+0x7106f0], sa_mask[0]=0x7ffbfeff, sa_flags=0x10000004
SIGPIPE: [libjvm.so+0x7106f0], sa_mask[0]=0x7ffbfeff, sa_flags=0x10000004
SIGXFSZ: [libjvm.so+0x7106f0], sa_mask[0]=0x7ffbfeff, sa_flags=0x10000004
SIGILL: [libjvm.so+0x7106f0], sa_mask[0]=0x7ffbfeff, sa_flags=0x10000004
SIGUSR1: SIG_DFL, sa_mask[0]=0x00000000, sa_flags=0x00000000
SIGUSR2: [libjvm.so+0x713520], sa_mask[0]=0x00000004, sa_flags=0x10000004
SIGHUP: [libjvm.so+0x713120], sa_mask[0]=0x7ffbfeff, sa_flags=0x10000004
SIGINT: SIG_IGN, sa_mask[0]=0x00000000, sa_flags=0x00000000
SIGTERM: [libjvm.so+0x713120], sa_mask[0]=0x7ffbfeff, sa_flags=0x10000004
SIGQUIT: [libjvm.so+0x713120], sa_mask[0]=0x7ffbfeff, sa_flags=0x10000004


---------------  S Y S T E M  ---------------

OS:wheezy/sid

uname:Linux 3.8.0-33-generic #48-Ubuntu SMP Wed Oct 23 09:16:58 UTC 2013 x86_64
libc:glibc 2.17 NPTL 2.17 
rlimit: STACK 8192k, CORE 0k, NPROC 60913, NOFILE 4096, AS infinity
load average:0.78 0.39 0.34

/proc/meminfo:
MemTotal:        8033136 kB
MemFree:         2376968 kB
Buffers:         2714328 kB
Cached:          1018340 kB
SwapCached:            0 kB
Active:          2628540 kB
Inactive:        2734152 kB
Active(anon):    1645560 kB
Inactive(anon):    49032 kB
Active(file):     982980 kB
Inactive(file):  2685120 kB
Unevictable:           0 kB
Mlocked:               0 kB
SwapTotal:             0 kB
SwapFree:              0 kB
Dirty:             21252 kB
Writeback:             0 kB
AnonPages:       1630532 kB
Mapped:           142920 kB
Shmem:             64340 kB
Slab:             183356 kB
SReclaimable:     145408 kB
SUnreclaim:        37948 kB
KernelStack:        4112 kB
PageTables:        29480 kB
NFS_Unstable:          0 kB
Bounce:                0 kB
WritebackTmp:          0 kB
CommitLimit:     4016568 kB
Committed_AS:    3495908 kB
VmallocTotal:   34359738367 kB
VmallocUsed:      354524 kB
VmallocChunk:   34359376860 kB
HardwareCorrupted:     0 kB
AnonHugePages:         0 kB
HugePages_Total:       0
HugePages_Free:        0
HugePages_Rsvd:        0
HugePages_Surp:        0
Hugepagesize:       2048 kB
DirectMap4k:      100352 kB
DirectMap2M:     8196096 kB


CPU:total 4 (2 cores per cpu, 2 threads per core) family 6 model 58 stepping 9, cmov, cx8, fxsr, mmx, sse, sse2, sse3, ssse3, sse4.1, sse4.2, popcnt, ht

/proc/cpuinfo:
processor	: 0
vendor_id	: GenuineIntel
cpu family	: 6
model		: 58
model name	: Intel(R) Core(TM) i7-3537U CPU @ 2.00GHz
stepping	: 9
microcode	: 0x17
cpu MHz		: 1200.000
cache size	: 4096 KB
physical id	: 0
siblings	: 4
core id		: 0
cpu cores	: 2
apicid		: 0
initial apicid	: 0
fpu		: yes
fpu_exception	: yes
cpuid level	: 13
wp		: yes
flags		: fpu vme de pse tsc msr pae mce cx8 apic sep mtrr pge mca cmov pat pse36 clflush dts acpi mmx fxsr sse sse2 ss ht tm pbe syscall nx rdtscp lm constant_tsc arch_perfmon pebs bts rep_good nopl xtopology nonstop_tsc aperfmperf eagerfpu pni pclmulqdq dtes64 monitor ds_cpl vmx est tm2 ssse3 cx16 xtpr pdcm pcid sse4_1 sse4_2 x2apic popcnt tsc_deadline_timer xsave avx f16c rdrand lahf_lm ida arat epb xsaveopt pln pts dtherm tpr_shadow vnmi flexpriority ept vpid fsgsbase smep erms
bogomips	: 4988.41
clflush size	: 64
cache_alignment	: 64
address sizes	: 36 bits physical, 48 bits virtual
power management:

processor	: 1
vendor_id	: GenuineIntel
cpu family	: 6
model		: 58
model name	: Intel(R) Core(TM) i7-3537U CPU @ 2.00GHz
stepping	: 9
microcode	: 0x17
cpu MHz		: 2000.000
cache size	: 4096 KB
physical id	: 0
siblings	: 4
core id		: 0
cpu cores	: 2
apicid		: 1
initial apicid	: 1
fpu		: yes
fpu_exception	: yes
cpuid level	: 13
wp		: yes
flags		: fpu vme de pse tsc msr pae mce cx8 apic sep mtrr pge mca cmov pat pse36 clflush dts acpi mmx fxsr sse sse2 ss ht tm pbe syscall nx rdtscp lm constant_tsc arch_perfmon pebs bts rep_good nopl xtopology nonstop_tsc aperfmperf eagerfpu pni pclmulqdq dtes64 monitor ds_cpl vmx est tm2 ssse3 cx16 xtpr pdcm pcid sse4_1 sse4_2 x2apic popcnt tsc_deadline_timer xsave avx f16c rdrand lahf_lm ida arat epb xsaveopt pln pts dtherm tpr_shadow vnmi flexpriority ept vpid fsgsbase smep erms
bogomips	: 4988.41
clflush size	: 64
cache_alignment	: 64
address sizes	: 36 bits physical, 48 bits virtual
power management:

processor	: 2
vendor_id	: GenuineIntel
cpu family	: 6
model		: 58
model name	: Intel(R) Core(TM) i7-3537U CPU @ 2.00GHz
stepping	: 9
microcode	: 0x17
cpu MHz		: 2000.000
cache size	: 4096 KB
physical id	: 0
siblings	: 4
core id		: 1
cpu cores	: 2
apicid		: 2
initial apicid	: 2
fpu		: yes
fpu_exception	: yes
cpuid level	: 13
wp		: yes
flags		: fpu vme de pse tsc msr pae mce cx8 apic sep mtrr pge mca cmov pat pse36 clflush dts acpi mmx fxsr sse sse2 ss ht tm pbe syscall nx rdtscp lm constant_tsc arch_perfmon pebs bts rep_good nopl xtopology nonstop_tsc aperfmperf eagerfpu pni pclmulqdq dtes64 monitor ds_cpl vmx est tm2 ssse3 cx16 xtpr pdcm pcid sse4_1 sse4_2 x2apic popcnt tsc_deadline_timer xsave avx f16c rdrand lahf_lm ida arat epb xsaveopt pln pts dtherm tpr_shadow vnmi flexpriority ept vpid fsgsbase smep erms
bogomips	: 4988.41
clflush size	: 64
cache_alignment	: 64
address sizes	: 36 bits physical, 48 bits virtual
power management:

processor	: 3
vendor_id	: GenuineIntel
cpu family	: 6
model		: 58
model name	: Intel(R) Core(TM) i7-3537U CPU @ 2.00GHz
stepping	: 9
microcode	: 0x17
cpu MHz		: 1500.000
cache size	: 4096 KB
physical id	: 0
siblings	: 4
core id		: 1
cpu cores	: 2
apicid		: 3
initial apicid	: 3
fpu		: yes
fpu_exception	: yes
cpuid level	: 13
wp		: yes
flags		: fpu vme de pse tsc msr pae mce cx8 apic sep mtrr pge mca cmov pat pse36 clflush dts acpi mmx fxsr sse sse2 ss ht tm pbe syscall nx rdtscp lm constant_tsc arch_perfmon pebs bts rep_good nopl xtopology nonstop_tsc aperfmperf eagerfpu pni pclmulqdq dtes64 monitor ds_cpl vmx est tm2 ssse3 cx16 xtpr pdcm pcid sse4_1 sse4_2 x2apic popcnt tsc_deadline_timer xsave avx f16c rdrand lahf_lm ida arat epb xsaveopt pln pts dtherm tpr_shadow vnmi flexpriority ept vpid fsgsbase smep erms
bogomips	: 4988.41
clflush size	: 64
cache_alignment	: 64
address sizes	: 36 bits physical, 48 bits virtual
power management:



Memory: 4k page, physical 8033136k(2376472k free), swap 0k(0k free)

vm_info: Java HotSpot(TM) 64-Bit Server VM (20.45-b01) for linux-amd64 JRE (1.6.0_45-b06), built on Mar 26 2013 14:07:02 by "java_re" with gcc 3.2.2 (SuSE Linux)

time: Fri Mar  6 18:36:28 2015
elapsed time: 0 seconds

